[debug] [2022-01-20T07:26:16.503Z] ----------------------------------------------------------------------
[debug] [2022-01-20T07:26:16.505Z] Command:       /usr/local/bin/firebase /Users/choi-suin/.cache/firebase/tools/lib/node_modules/firebase-tools/lib/bin/firebase deploy
[debug] [2022-01-20T07:26:16.505Z] CLI Version:   10.1.1
[debug] [2022-01-20T07:26:16.506Z] Platform:      darwin
[debug] [2022-01-20T07:26:16.506Z] Node Version:  v12.18.1
[debug] [2022-01-20T07:26:16.507Z] Time:          Thu Jan 20 2022 16:26:16 GMT+0900 (GMT+09:00)
[debug] [2022-01-20T07:26:16.508Z] ----------------------------------------------------------------------
[debug] 
[debug] [2022-01-20T07:26:16.576Z] > command requires scopes: ["email","openid","https://www.googleapis.com/auth/cloudplatformprojects.readonly","https://www.googleapis.com/auth/firebase","https://www.googleapis.com/auth/cloud-platform"]
[debug] [2022-01-20T07:26:16.576Z] > authorizing via signed-in user (in6318008@gmail.com)
[debug] [2022-01-20T07:26:16.576Z] [iam] checking project pushnotificationtest-9e21c for permissions ["firebase.projects.get","firebasehosting.sites.update"]
[debug] [2022-01-20T07:26:16.579Z] > refreshing access token with scopes: ["email","https://www.googleapis.com/auth/cloud-platform","https://www.googleapis.com/auth/cloudplatformprojects.readonly","https://www.googleapis.com/auth/firebase","openid"]
[debug] [2022-01-20T07:26:16.580Z] >>> HTTP REQUEST POST https://www.googleapis.com/oauth2/v3/token  
 <request body omitted>
[debug] [2022-01-20T07:26:16.880Z] <<< HTTP RESPONSE 200 {"expires":"Mon, 01 Jan 1990 00:00:00 GMT","pragma":"no-cache","date":"Thu, 20 Jan 2022 07:26:17 GMT","cache-control":"no-cache, no-store, max-age=0, must-revalidate","content-type":"application/json; charset=utf-8","vary":"X-Origin, Referer, Origin,Accept-Encoding","server":"scaffolding on HTTPServer2","x-xss-protection":"0","x-frame-options":"SAMEORIGIN","x-content-type-options":"nosniff","alt-svc":"h3=\":443\"; ma=2592000,h3-29=\":443\"; ma=2592000,h3-Q050=\":443\"; ma=2592000,h3-Q046=\":443\"; ma=2592000,h3-Q043=\":443\"; ma=2592000,quic=\":443\"; ma=2592000; v=\"46,43\"","accept-ranges":"none","transfer-encoding":"chunked"}
[debug] [2022-01-20T07:26:16.936Z] >>> HTTP REQUEST POST https://cloudresourcemanager.googleapis.com/v1/projects/pushnotificationtest-9e21c:testIamPermissions  
 {"permissions":["firebase.projects.get","firebasehosting.sites.update"]}
[debug] [2022-01-20T07:26:17.969Z] <<< HTTP RESPONSE 200 {"content-type":"application/json; charset=UTF-8","vary":"X-Origin, Referer, Origin,Accept-Encoding","date":"Thu, 20 Jan 2022 07:26:18 GMT","server":"ESF","cache-control":"private","x-xss-protection":"0","x-frame-options":"SAMEORIGIN","x-content-type-options":"nosniff","server-timing":"gfet4t7; dur=700","alt-svc":"h3=\":443\"; ma=2592000,h3-29=\":443\"; ma=2592000,h3-Q050=\":443\"; ma=2592000,h3-Q046=\":443\"; ma=2592000,h3-Q043=\":443\"; ma=2592000,quic=\":443\"; ma=2592000; v=\"46,43\"","accept-ranges":"none","transfer-encoding":"chunked"}
[debug] [2022-01-20T07:26:17.970Z] [iam] error while checking permissions, command may fail: FirebaseError: Authorization failed. This account is missing the following required permissions on project pushnotificationtest-9e21c:

  firebase.projects.get
  firebasehosting.sites.update
[debug] [2022-01-20T07:26:17.971Z] > refreshing access token with scopes: []
[debug] [2022-01-20T07:26:17.971Z] >>> HTTP REQUEST POST https://www.googleapis.com/oauth2/v3/token  
 <request body omitted>
[debug] [2022-01-20T07:26:18.180Z] <<< HTTP RESPONSE 200 {"cache-control":"no-cache, no-store, max-age=0, must-revalidate","date":"Thu, 20 Jan 2022 07:26:18 GMT","expires":"Mon, 01 Jan 1990 00:00:00 GMT","pragma":"no-cache","content-type":"application/json; charset=utf-8","vary":"X-Origin, Referer, Origin,Accept-Encoding","server":"scaffolding on HTTPServer2","x-xss-protection":"0","x-frame-options":"SAMEORIGIN","x-content-type-options":"nosniff","alt-svc":"h3=\":443\"; ma=2592000,h3-29=\":443\"; ma=2592000,h3-Q050=\":443\"; ma=2592000,h3-Q046=\":443\"; ma=2592000,h3-Q043=\":443\"; ma=2592000,quic=\":443\"; ma=2592000; v=\"46,43\"","accept-ranges":"none","transfer-encoding":"chunked"}
[debug] [2022-01-20T07:26:18.232Z] >>> [apiv2][query] GET https://firebase.googleapis.com/v1beta1/projects/pushnotificationtest-9e21c [none]
[debug] [2022-01-20T07:26:18.655Z] <<< [apiv2][status] GET https://firebase.googleapis.com/v1beta1/projects/pushnotificationtest-9e21c 403
[debug] [2022-01-20T07:26:18.656Z] <<< [apiv2][body] GET https://firebase.googleapis.com/v1beta1/projects/pushnotificationtest-9e21c {"error":{"code":403,"message":"The caller does not have permission","status":"PERMISSION_DENIED"}}
[debug] [2022-01-20T07:26:18.656Z] HTTP Error: 403, The caller does not have permission
[debug] [2022-01-20T07:26:18.857Z] FirebaseError: HTTP Error: 403, The caller does not have permission
    at module.exports (/Users/choi-suin/.cache/firebase/tools/lib/node_modules/firebase-tools/lib/responseToError.js:38:12)
    at Client.doRequest (/Users/choi-suin/.cache/firebase/tools/lib/node_modules/firebase-tools/lib/apiv2.js:241:23)
    at processTicksAndRejections (internal/process/task_queues.js:97:5)
    at async Client.request (/Users/choi-suin/.cache/firebase/tools/lib/node_modules/firebase-tools/lib/apiv2.js:96:20)
    at async getFirebaseProject (/Users/choi-suin/.cache/firebase/tools/lib/node_modules/firebase-tools/lib/management/projects.js:290:21)
    at async getDefaultHostingSite (/Users/choi-suin/.cache/firebase/tools/lib/node_modules/firebase-tools/lib/getDefaultHostingSite.js:8:21)
    at async requireHostingSite (/Users/choi-suin/.cache/firebase/tools/lib/node_modules/firebase-tools/lib/requireHostingSite.js:9:18)
    at async Object.fn (/Users/choi-suin/.cache/firebase/tools/lib/node_modules/firebase-tools/lib/commands/deploy.js:73:9)
    at async /Users/choi-suin/.cache/firebase/tools/lib/node_modules/firebase-tools/lib/command.js:188:17
[error] 
[error] Error: Failed to get Firebase project pushnotificationtest-9e21c. Please make sure the project exists and your account has permission to access it.
